0 info it worked if it ends with ok
1 verbose cli [ '/Users/tasp/.nvm/versions/node/v6.10.3/bin/node',
1 verbose cli   '/Users/tasp/.nvm/versions/node/v6.10.3/bin/npm',
1 verbose cli   'run',
1 verbose cli   'watch' ]
2 info using npm@3.10.10
3 info using node@v6.10.3
4 verbose run-script [ 'prewatch', 'watch', 'postwatch' ]
5 info lifecycle @~prewatch: @
6 silly lifecycle @~prewatch: no script for prewatch, continuing
7 info lifecycle @~watch: @
8 verbose lifecycle @~watch: unsafe-perm in lifecycle true
9 verbose lifecycle @~watch: PATH: /Users/tasp/.nvm/versions/node/v6.10.3/lib/node_modules/npm/bin/node-gyp-bin:/Users/tasp/Code/amicus/quiz-factory/nova-components/Color/node_modules/.bin:/Users/tasp/Downloads/google-cloud-sdk/bin:/Users/tasp/Downloads/google-cloud-sdk/bin:/Users/tasp/Downloads/google-cloud-sdk/bin:/usr/local/opt/php71/bin:/usr/local/opt/coreutils/libexec/gnubin:/usr/local/maven/bin:/bin:/Users/tasp/.jenv/shims:/Users/tasp/.jenv/bin:/usr/local/share/npm/bin:/usr/local/heroku/bin:/Users/tasp/.nvm/versions/node/v6.10.3/bin:~/bin:~/.bin:/usr/local/bin:/usr/local/sbin:/usr/local/mysql/bin:/usr/local/git/bin://usr/local/bin:/usr/bin:/bin:/usr/sbin:/sbin:/Users/tasp/Downloads/google-cloud-sdk/bin:/usr/local/opt/php71/bin:/usr/local/opt/coreutils/libexec/gnubin:/usr/local/maven/bin:/Users/tasp/.jenv/shims:/Users/tasp/.jenv/bin:/usr/local/share/npm/bin:/usr/local/heroku/bin:~/bin:~/.bin:/usr/local/sbin:/usr/local/mysql/bin:/usr/local/git/bin://usr/local/bin:/Users/tasp/Library/Android/sdk/platform-tools:/Users/tasp/Library/Android/sdk/tools:/usr/local/opt/go/libexec/bin:/Users/tasp/.composer/vendor/bin:/Users/tasp/Code/source/spark-installer:/Users/tasp/Library/Android/sdk/platform-tools:/Users/tasp/Library/Android/sdk/tools:/usr/local/opt/go/libexec/bin:/Users/tasp/.composer/vendor/bin:/Users/tasp/Code/source/spark-installer
10 verbose lifecycle @~watch: CWD: /Users/tasp/Code/amicus/quiz-factory/nova-components/Color
11 silly lifecycle @~watch: Args: [ '-c',
11 silly lifecycle   'cross-env NODE_ENV=development node_modules/webpack/bin/webpack.js --watch --progress --hide-modules --config=node_modules/laravel-mix/setup/webpack.config.js' ]
12 silly lifecycle @~watch: Returned: code: 1  signal: null
13 info lifecycle @~watch: Failed to exec watch script
14 verbose stack Error: @ watch: `cross-env NODE_ENV=development node_modules/webpack/bin/webpack.js --watch --progress --hide-modules --config=node_modules/laravel-mix/setup/webpack.config.js`
14 verbose stack Exit status 1
14 verbose stack     at EventEmitter.<anonymous> (/Users/tasp/.nvm/versions/node/v6.10.3/lib/node_modules/npm/lib/utils/lifecycle.js:255:16)
14 verbose stack     at emitTwo (events.js:106:13)
14 verbose stack     at EventEmitter.emit (events.js:191:7)
14 verbose stack     at ChildProcess.<anonymous> (/Users/tasp/.nvm/versions/node/v6.10.3/lib/node_modules/npm/lib/utils/spawn.js:40:14)
14 verbose stack     at emitTwo (events.js:106:13)
14 verbose stack     at ChildProcess.emit (events.js:191:7)
14 verbose stack     at maybeClose (internal/child_process.js:886:16)
14 verbose stack     at Process.ChildProcess._handle.onexit (internal/child_process.js:226:5)
15 verbose pkgid @
16 verbose cwd /Users/tasp/Code/amicus/quiz-factory/nova-components/Color
17 error Darwin 17.3.0
18 error argv "/Users/tasp/.nvm/versions/node/v6.10.3/bin/node" "/Users/tasp/.nvm/versions/node/v6.10.3/bin/npm" "run" "watch"
19 error node v6.10.3
20 error npm  v3.10.10
21 error code ELIFECYCLE
22 error @ watch: `cross-env NODE_ENV=development node_modules/webpack/bin/webpack.js --watch --progress --hide-modules --config=node_modules/laravel-mix/setup/webpack.config.js`
22 error Exit status 1
23 error Failed at the @ watch script 'cross-env NODE_ENV=development node_modules/webpack/bin/webpack.js --watch --progress --hide-modules --config=node_modules/laravel-mix/setup/webpack.config.js'.
23 error Make sure you have the latest version of node.js and npm installed.
23 error If you do, this is most likely a problem with the  package,
23 error not with npm itself.
23 error Tell the author that this fails on your system:
23 error     cross-env NODE_ENV=development node_modules/webpack/bin/webpack.js --watch --progress --hide-modules --config=node_modules/laravel-mix/setup/webpack.config.js
23 error You can get information on how to open an issue for this project with:
23 error     npm bugs
23 error Or if that isn't available, you can get their info via:
23 error     npm owner ls
23 error There is likely additional logging output above.
24 verbose exit [ 1, true ]
